<?xml version="1.0" encoding="UTF-8"?>
<Site BuildName="Linux-clang++-17"
	BuildStamp="20240527-1603-Experimental"
	Name="8efb9c01c1eb"
	Generator="ctest-3.22.1"
	CompilerName="/usr/bin/clang++-17"
	CompilerVersion="17.0.6"
	OSName="Linux"
	Hostname="8efb9c01c1eb"
	OSRelease="6.5.0-35-generic"
	OSVersion="#35~22.04.1-Ubuntu SMP PREEMPT_DYNAMIC Tue May  7 09:00:52 UTC 2"
	OSPlatform="x86_64"
	Is64Bits="1"
	VendorString="AuthenticAMD"
	VendorID="Advanced Micro Devices"
	FamilyID="23"
	ModelID="113"
	ProcessorCacheSize="512"
	NumberOfLogicalCPU="24"
	NumberOfPhysicalCPU="12"
	TotalVirtualMemory="2047"
	TotalPhysicalMemory="32002"
	LogicalProcessorsPerPhysical="2"
	ProcessorClockFrequency="2200.16"
	>
	<Testing>
		<StartDateTime>May 27 16:04 UTC</StartDateTime>
		<StartTestTime>1716825866</StartTestTime>
		<TestList/>
		<EndDateTime>May 27 16:04 UTC</EndDateTime>
		<EndTestTime>1716825866</EndTestTime>
		<ElapsedMinutes>0</ElapsedMinutes>
	</Testing>
</Site>
